<?xml version="1.0" encoding="UTF-8"?>
<!-- Generated by org.testng.reporters.JUnitReportReporter -->
<testsuite hostname="DESKTOP-ND80KL7" failures="0" tests="4" name="CFMIS_Inventory.CreatePR" time="51.144" errors="2" timestamp="2021-08-03T10:48:25 SGT" skipped="0">
  <testcase classname="CFMIS_Inventory.CreatePR" name="LoginRequestor" time="11.426"/>
  <system-out/>
  <testcase classname="CFMIS_Inventory.CreatePR" name="ClickSubModuleUser" time="3.507"/>
  <system-out/>
  <testcase classname="CFMIS_Inventory.CreatePR" name="RequestItemBtn" time="35.109">
    <error message="element click intercepted: Element &lt;a class=&quot;btn --primary font-bold w-full block text-center&quot; href=&quot;/supplies-and-inventory/purchase-request/requestor/create&quot;&gt;...&lt;/a&gt; is not clickable at point (517, 507). Other element would receive the click: &lt;iframe src=&quot;https://cfmis-ws.multidemos.com/api/v1/admin/inventories/purchase_requests/67fa6ab4-d439-49c6-bfb3-47f2c1a74823/print?token=eyJ0eXAiOiJKV1QiLCJhbGciOiJIUzI1NiJ9.eyJpc3MiOiJodHRwOi8vbG9jYWxob3N0OjgwOTAvY2xpZW50L2F1dGgiLCJpYXQiOjE2Mjc5NTg4NjEsImV4cCI6MTYyNzk5NDg2MSwibmJmIjoxNjI3OTU4ODYxLCJqdGkiOiJjdldmQTBzNDByTGZiS21DIiwic3ViIjozMjQsInBydiI6IjRhNmUyNTJkNDljYzM1ZjlhNmQyODk3ZmRlNGY5MzE0NmU3YzgwMmMiLCJkYXRhIjp7ImlkIjozMjQsImRldGFpbHMiOnsicG9zaXRpb24iOiJPZmZpY2Ugb2YgQXJlYSIsImRlcGFydG1lbnQiOiJQQVNBeSIsInNlcnZpY2VfaWQiOjEsImRpdmlzaW9uX2lkIjo0LCJzZWN0aW9uX2lkIjpudWxsfSwicHJvZmlsZV90eXBlIjoiRW1wbG95ZWUifX0.wkjlMqr3a-nXQksmTHEQC8_08XA4OUD5537p3AhcsX4&quot; title=&quot;print-tab&quot; class=&quot;w-full&quot; frameborder=&quot;0&quot; style=&quot;min-height: 600px;&quot;&gt;&lt;/iframe&gt;
  (Session info: chrome=92.0.4515.107)
Build info: version: &#039;3.141.59&#039;, revision: &#039;e82be7d358&#039;, time: &#039;2018-11-14T08:17:03&#039;
System info: host: &#039;DESKTOP-ND80KL7&#039;, ip: &#039;192.168.1.6&#039;, os.name: &#039;Windows 10&#039;, os.arch: &#039;amd64&#039;, os.version: &#039;10.0&#039;, java.version: &#039;15.0.2&#039;
Driver info: org.openqa.selenium.chrome.ChromeDriver
Capabilities {acceptInsecureCerts: false, browserName: chrome, browserVersion: 92.0.4515.107, chrome: {chromedriverVersion: 92.0.4515.107 (87a818b10553..., userDataDir: C:\Users\Xurpas\AppData\Loc...}, goog:chromeOptions: {debuggerAddress: localhost:63614}, javascriptEnabled: true, networkConnectionEnabled: false, pageLoadStrategy: normal, platform: WINDOWS, platformName: WINDOWS, proxy: Proxy(), setWindowRect: true, strictFileInteractability: false, timeouts: {implicit: 0, pageLoad: 300000, script: 30000}, unhandledPromptBehavior: dismiss and notify, webauthn:extension:credBlob: true, webauthn:extension:largeBlob: true, webauthn:virtualAuthenticators: true}
Session ID: 3501d557dde9b36eeb642cfaffeea1dd" type="org.openqa.selenium.ElementClickInterceptedException">
      <![CDATA[org.openqa.selenium.ElementClickInterceptedException: element click intercepted: Element <a class="btn --primary font-bold w-full block text-center" href="/supplies-and-inventory/purchase-request/requestor/create">...</a> is not clickable at point (517, 507). Other element would receive the click: <iframe src="https://cfmis-ws.multidemos.com/api/v1/admin/inventories/purchase_requests/67fa6ab4-d439-49c6-bfb3-47f2c1a74823/print?token=eyJ0eXAiOiJKV1QiLCJhbGciOiJIUzI1NiJ9.eyJpc3MiOiJodHRwOi8vbG9jYWxob3N0OjgwOTAvY2xpZW50L2F1dGgiLCJpYXQiOjE2Mjc5NTg4NjEsImV4cCI6MTYyNzk5NDg2MSwibmJmIjoxNjI3OTU4ODYxLCJqdGkiOiJjdldmQTBzNDByTGZiS21DIiwic3ViIjozMjQsInBydiI6IjRhNmUyNTJkNDljYzM1ZjlhNmQyODk3ZmRlNGY5MzE0NmU3YzgwMmMiLCJkYXRhIjp7ImlkIjozMjQsImRldGFpbHMiOnsicG9zaXRpb24iOiJPZmZpY2Ugb2YgQXJlYSIsImRlcGFydG1lbnQiOiJQQVNBeSIsInNlcnZpY2VfaWQiOjEsImRpdmlzaW9uX2lkIjo0LCJzZWN0aW9uX2lkIjpudWxsfSwicHJvZmlsZV90eXBlIjoiRW1wbG95ZWUifX0.wkjlMqr3a-nXQksmTHEQC8_08XA4OUD5537p3AhcsX4" title="print-tab" class="w-full" frameborder="0" style="min-height: 600px;"></iframe>
  (Session info: chrome=92.0.4515.107)
Build info: version: '3.141.59', revision: 'e82be7d358', time: '2018-11-14T08:17:03'
System info: host: 'DESKTOP-ND80KL7', ip: '192.168.1.6', os.name: 'Windows 10', os.arch: 'amd64', os.version: '10.0', java.version: '15.0.2'
Driver info: org.openqa.selenium.chrome.ChromeDriver
Capabilities {acceptInsecureCerts: false, browserName: chrome, browserVersion: 92.0.4515.107, chrome: {chromedriverVersion: 92.0.4515.107 (87a818b10553..., userDataDir: C:\Users\Xurpas\AppData\Loc...}, goog:chromeOptions: {debuggerAddress: localhost:63614}, javascriptEnabled: true, networkConnectionEnabled: false, pageLoadStrategy: normal, platform: WINDOWS, platformName: WINDOWS, proxy: Proxy(), setWindowRect: true, strictFileInteractability: false, timeouts: {implicit: 0, pageLoad: 300000, script: 30000}, unhandledPromptBehavior: dismiss and notify, webauthn:extension:credBlob: true, webauthn:extension:largeBlob: true, webauthn:virtualAuthenticators: true}
Session ID: 3501d557dde9b36eeb642cfaffeea1dd
at java.base/jdk.internal.reflect.NativeConstructorAccessorImpl.newInstance0(Native Method)
at java.base/jdk.internal.reflect.NativeConstructorAccessorImpl.newInstance(NativeConstructorAccessorImpl.java:64)
at java.base/jdk.internal.reflect.DelegatingConstructorAccessorImpl.newInstance(DelegatingConstructorAccessorImpl.java:45)
at java.base/java.lang.reflect.Constructor.newInstanceWithCaller(Constructor.java:500)
at java.base/java.lang.reflect.Constructor.newInstance(Constructor.java:481)
at org.openqa.selenium.remote.http.W3CHttpResponseCodec.createException(W3CHttpResponseCodec.java:187)
at org.openqa.selenium.remote.http.W3CHttpResponseCodec.decode(W3CHttpResponseCodec.java:122)
at org.openqa.selenium.remote.http.W3CHttpResponseCodec.decode(W3CHttpResponseCodec.java:49)
at org.openqa.selenium.remote.HttpCommandExecutor.execute(HttpCommandExecutor.java:158)
at org.openqa.selenium.remote.service.DriverCommandExecutor.execute(DriverCommandExecutor.java:83)
at org.openqa.selenium.remote.RemoteWebDriver.execute(RemoteWebDriver.java:552)
at org.openqa.selenium.remote.RemoteWebElement.execute(RemoteWebElement.java:285)
at org.openqa.selenium.remote.RemoteWebElement.click(RemoteWebElement.java:84)
at CFMIS_Inventory.CreatePRbaseTest.CreatePRBtn(CreatePRbaseTest.java:90)
at CFMIS_Inventory.CreatePR.RequestItemBtn(CreatePR.java:39)
at java.base/jdk.internal.reflect.NativeMethodAccessorImpl.invoke0(Native Method)
at java.base/jdk.internal.reflect.NativeMethodAccessorImpl.invoke(NativeMethodAccessorImpl.java:64)
at java.base/jdk.internal.reflect.DelegatingMethodAccessorImpl.invoke(DelegatingMethodAccessorImpl.java:43)
at java.base/java.lang.reflect.Method.invoke(Method.java:564)
at org.testng.internal.MethodInvocationHelper.invokeMethod(MethodInvocationHelper.java:134)
at org.testng.internal.TestInvoker.invokeMethod(TestInvoker.java:597)
at org.testng.internal.TestInvoker.invokeTestMethod(TestInvoker.java:173)
at org.testng.internal.MethodRunner.runInSequence(MethodRunner.java:46)
at org.testng.internal.TestInvoker$MethodInvocationAgent.invoke(TestInvoker.java:816)
at org.testng.internal.TestInvoker.invokeTestMethods(TestInvoker.java:146)
at org.testng.internal.TestMethodWorker.invokeTestMethods(TestMethodWorker.java:146)
at org.testng.internal.TestMethodWorker.run(TestMethodWorker.java:128)
at java.base/java.util.ArrayList.forEach(ArrayList.java:1511)
at org.testng.TestRunner.privateRun(TestRunner.java:766)
at org.testng.TestRunner.run(TestRunner.java:587)
at org.testng.SuiteRunner.runTest(SuiteRunner.java:384)
at org.testng.SuiteRunner.runSequentially(SuiteRunner.java:378)
at org.testng.SuiteRunner.privateRun(SuiteRunner.java:337)
at org.testng.SuiteRunner.run(SuiteRunner.java:286)
at org.testng.SuiteRunnerWorker.runSuite(SuiteRunnerWorker.java:53)
at org.testng.SuiteRunnerWorker.run(SuiteRunnerWorker.java:96)
at org.testng.TestNG.runSuitesSequentially(TestNG.java:1187)
at org.testng.TestNG.runSuitesLocally(TestNG.java:1109)
at org.testng.TestNG.runSuites(TestNG.java:1039)
at org.testng.TestNG.run(TestNG.java:1007)
at org.testng.remote.AbstractRemoteTestNG.run(AbstractRemoteTestNG.java:115)
at org.testng.remote.RemoteTestNG.initAndRun(RemoteTestNG.java:251)
at org.testng.remote.RemoteTestNG.main(RemoteTestNG.java:77)
]]>
    </error>
  </testcase> <!-- RequestItemBtn -->
  <system-out/>
  <testcase classname="CFMIS_Inventory.CreatePR" name="SubmittedRIS" time="1.102">
    <error message="element click intercepted: Element &lt;a class=&quot;btn --primary font-bold w-full block text-center&quot; href=&quot;/supplies-and-inventory/purchase-request/requestor/create&quot;&gt;...&lt;/a&gt; is not clickable at point (517, 507). Other element would receive the click: &lt;iframe src=&quot;https://cfmis-ws.multidemos.com/api/v1/admin/inventories/purchase_requests/67fa6ab4-d439-49c6-bfb3-47f2c1a74823/print?token=eyJ0eXAiOiJKV1QiLCJhbGciOiJIUzI1NiJ9.eyJpc3MiOiJodHRwOi8vbG9jYWxob3N0OjgwOTAvY2xpZW50L2F1dGgiLCJpYXQiOjE2Mjc5NTg4NjEsImV4cCI6MTYyNzk5NDg2MSwibmJmIjoxNjI3OTU4ODYxLCJqdGkiOiJjdldmQTBzNDByTGZiS21DIiwic3ViIjozMjQsInBydiI6IjRhNmUyNTJkNDljYzM1ZjlhNmQyODk3ZmRlNGY5MzE0NmU3YzgwMmMiLCJkYXRhIjp7ImlkIjozMjQsImRldGFpbHMiOnsicG9zaXRpb24iOiJPZmZpY2Ugb2YgQXJlYSIsImRlcGFydG1lbnQiOiJQQVNBeSIsInNlcnZpY2VfaWQiOjEsImRpdmlzaW9uX2lkIjo0LCJzZWN0aW9uX2lkIjpudWxsfSwicHJvZmlsZV90eXBlIjoiRW1wbG95ZWUifX0.wkjlMqr3a-nXQksmTHEQC8_08XA4OUD5537p3AhcsX4&quot; title=&quot;print-tab&quot; class=&quot;w-full&quot; frameborder=&quot;0&quot; style=&quot;min-height: 600px;&quot;&gt;&lt;/iframe&gt;
  (Session info: chrome=92.0.4515.107)
Build info: version: &#039;3.141.59&#039;, revision: &#039;e82be7d358&#039;, time: &#039;2018-11-14T08:17:03&#039;
System info: host: &#039;DESKTOP-ND80KL7&#039;, ip: &#039;192.168.1.6&#039;, os.name: &#039;Windows 10&#039;, os.arch: &#039;amd64&#039;, os.version: &#039;10.0&#039;, java.version: &#039;15.0.2&#039;
Driver info: org.openqa.selenium.chrome.ChromeDriver
Capabilities {acceptInsecureCerts: false, browserName: chrome, browserVersion: 92.0.4515.107, chrome: {chromedriverVersion: 92.0.4515.107 (87a818b10553..., userDataDir: C:\Users\Xurpas\AppData\Loc...}, goog:chromeOptions: {debuggerAddress: localhost:63614}, javascriptEnabled: true, networkConnectionEnabled: false, pageLoadStrategy: normal, platform: WINDOWS, platformName: WINDOWS, proxy: Proxy(), setWindowRect: true, strictFileInteractability: false, timeouts: {implicit: 0, pageLoad: 300000, script: 30000}, unhandledPromptBehavior: dismiss and notify, webauthn:extension:credBlob: true, webauthn:extension:largeBlob: true, webauthn:virtualAuthenticators: true}
Session ID: 3501d557dde9b36eeb642cfaffeea1dd" type="org.openqa.selenium.ElementClickInterceptedException">
      <![CDATA[org.openqa.selenium.ElementClickInterceptedException: element click intercepted: Element <a class="btn --primary font-bold w-full block text-center" href="/supplies-and-inventory/purchase-request/requestor/create">...</a> is not clickable at point (517, 507). Other element would receive the click: <iframe src="https://cfmis-ws.multidemos.com/api/v1/admin/inventories/purchase_requests/67fa6ab4-d439-49c6-bfb3-47f2c1a74823/print?token=eyJ0eXAiOiJKV1QiLCJhbGciOiJIUzI1NiJ9.eyJpc3MiOiJodHRwOi8vbG9jYWxob3N0OjgwOTAvY2xpZW50L2F1dGgiLCJpYXQiOjE2Mjc5NTg4NjEsImV4cCI6MTYyNzk5NDg2MSwibmJmIjoxNjI3OTU4ODYxLCJqdGkiOiJjdldmQTBzNDByTGZiS21DIiwic3ViIjozMjQsInBydiI6IjRhNmUyNTJkNDljYzM1ZjlhNmQyODk3ZmRlNGY5MzE0NmU3YzgwMmMiLCJkYXRhIjp7ImlkIjozMjQsImRldGFpbHMiOnsicG9zaXRpb24iOiJPZmZpY2Ugb2YgQXJlYSIsImRlcGFydG1lbnQiOiJQQVNBeSIsInNlcnZpY2VfaWQiOjEsImRpdmlzaW9uX2lkIjo0LCJzZWN0aW9uX2lkIjpudWxsfSwicHJvZmlsZV90eXBlIjoiRW1wbG95ZWUifX0.wkjlMqr3a-nXQksmTHEQC8_08XA4OUD5537p3AhcsX4" title="print-tab" class="w-full" frameborder="0" style="min-height: 600px;"></iframe>
  (Session info: chrome=92.0.4515.107)
Build info: version: '3.141.59', revision: 'e82be7d358', time: '2018-11-14T08:17:03'
System info: host: 'DESKTOP-ND80KL7', ip: '192.168.1.6', os.name: 'Windows 10', os.arch: 'amd64', os.version: '10.0', java.version: '15.0.2'
Driver info: org.openqa.selenium.chrome.ChromeDriver
Capabilities {acceptInsecureCerts: false, browserName: chrome, browserVersion: 92.0.4515.107, chrome: {chromedriverVersion: 92.0.4515.107 (87a818b10553..., userDataDir: C:\Users\Xurpas\AppData\Loc...}, goog:chromeOptions: {debuggerAddress: localhost:63614}, javascriptEnabled: true, networkConnectionEnabled: false, pageLoadStrategy: normal, platform: WINDOWS, platformName: WINDOWS, proxy: Proxy(), setWindowRect: true, strictFileInteractability: false, timeouts: {implicit: 0, pageLoad: 300000, script: 30000}, unhandledPromptBehavior: dismiss and notify, webauthn:extension:credBlob: true, webauthn:extension:largeBlob: true, webauthn:virtualAuthenticators: true}
Session ID: 3501d557dde9b36eeb642cfaffeea1dd
at java.base/jdk.internal.reflect.NativeConstructorAccessorImpl.newInstance0(Native Method)
at java.base/jdk.internal.reflect.NativeConstructorAccessorImpl.newInstance(NativeConstructorAccessorImpl.java:64)
at java.base/jdk.internal.reflect.DelegatingConstructorAccessorImpl.newInstance(DelegatingConstructorAccessorImpl.java:45)
at java.base/java.lang.reflect.Constructor.newInstanceWithCaller(Constructor.java:500)
at java.base/java.lang.reflect.Constructor.newInstance(Constructor.java:481)
at org.openqa.selenium.remote.http.W3CHttpResponseCodec.createException(W3CHttpResponseCodec.java:187)
at org.openqa.selenium.remote.http.W3CHttpResponseCodec.decode(W3CHttpResponseCodec.java:122)
at org.openqa.selenium.remote.http.W3CHttpResponseCodec.decode(W3CHttpResponseCodec.java:49)
at org.openqa.selenium.remote.HttpCommandExecutor.execute(HttpCommandExecutor.java:158)
at org.openqa.selenium.remote.service.DriverCommandExecutor.execute(DriverCommandExecutor.java:83)
at org.openqa.selenium.remote.RemoteWebDriver.execute(RemoteWebDriver.java:552)
at org.openqa.selenium.remote.RemoteWebElement.execute(RemoteWebElement.java:285)
at org.openqa.selenium.remote.RemoteWebElement.click(RemoteWebElement.java:84)
at CFMIS_Inventory.CreatePRbaseTest.CreatePRBtn(CreatePRbaseTest.java:90)
at CFMIS_Inventory.CreatePR.SubmittedRIS(CreatePR.java:52)
at java.base/jdk.internal.reflect.NativeMethodAccessorImpl.invoke0(Native Method)
at java.base/jdk.internal.reflect.NativeMethodAccessorImpl.invoke(NativeMethodAccessorImpl.java:64)
at java.base/jdk.internal.reflect.DelegatingMethodAccessorImpl.invoke(DelegatingMethodAccessorImpl.java:43)
at java.base/java.lang.reflect.Method.invoke(Method.java:564)
at org.testng.internal.MethodInvocationHelper.invokeMethod(MethodInvocationHelper.java:134)
at org.testng.internal.TestInvoker.invokeMethod(TestInvoker.java:597)
at org.testng.internal.TestInvoker.invokeTestMethod(TestInvoker.java:173)
at org.testng.internal.MethodRunner.runInSequence(MethodRunner.java:46)
at org.testng.internal.TestInvoker$MethodInvocationAgent.invoke(TestInvoker.java:816)
at org.testng.internal.TestInvoker.invokeTestMethods(TestInvoker.java:146)
at org.testng.internal.TestMethodWorker.invokeTestMethods(TestMethodWorker.java:146)
at org.testng.internal.TestMethodWorker.run(TestMethodWorker.java:128)
at java.base/java.util.ArrayList.forEach(ArrayList.java:1511)
at org.testng.TestRunner.privateRun(TestRunner.java:766)
at org.testng.TestRunner.run(TestRunner.java:587)
at org.testng.SuiteRunner.runTest(SuiteRunner.java:384)
at org.testng.SuiteRunner.runSequentially(SuiteRunner.java:378)
at org.testng.SuiteRunner.privateRun(SuiteRunner.java:337)
at org.testng.SuiteRunner.run(SuiteRunner.java:286)
at org.testng.SuiteRunnerWorker.runSuite(SuiteRunnerWorker.java:53)
at org.testng.SuiteRunnerWorker.run(SuiteRunnerWorker.java:96)
at org.testng.TestNG.runSuitesSequentially(TestNG.java:1187)
at org.testng.TestNG.runSuitesLocally(TestNG.java:1109)
at org.testng.TestNG.runSuites(TestNG.java:1039)
at org.testng.TestNG.run(TestNG.java:1007)
at org.testng.remote.AbstractRemoteTestNG.run(AbstractRemoteTestNG.java:115)
at org.testng.remote.RemoteTestNG.initAndRun(RemoteTestNG.java:251)
at org.testng.remote.RemoteTestNG.main(RemoteTestNG.java:77)
]]>
    </error>
  </testcase> <!-- SubmittedRIS -->
  <system-out/>
</testsuite> <!-- CFMIS_Inventory.CreatePR -->
